<?xml version="1.0" encoding="UTF-8"?>
<!-- Generated by org.testng.reporters.JUnitReportReporter -->
<testsuite hostname="NMP" failures="0" tests="1" name="Beauty.LaunchSugar_Test" time="8.095" errors="0" timestamp="2024-04-22T07:58:55 IST" skipped="0">
  <testcase classname="Beauty.LaunchSugar_Test" name="sugar" time="8.095"/>
</testsuite> <!-- Beauty.LaunchSugar_Test -->
