<?xml version="1.0" encoding="UTF-8"?>
<!-- Generated by org.testng.reporters.JUnitReportReporter -->
<testsuite hostname="NMP" failures="0" tests="1" name="Food.LaunchZomato_Test" time="9.775" errors="0" timestamp="2024-04-22T07:58:55 IST" skipped="0">
  <testcase classname="Food.LaunchZomato_Test" name="Zomato" time="9.775"/>
</testsuite> <!-- Food.LaunchZomato_Test -->
