<?xml version="1.0" encoding="UTF-8"?>
<!-- Generated by org.testng.reporters.JUnitReportReporter -->
<testsuite hostname="NMP" failures="0" tests="1" name="Beauty.LauncingLakme_Test" time="16.739" errors="0" timestamp="2024-04-22T07:58:55 IST" skipped="0">
  <testcase classname="Beauty.LauncingLakme_Test" name="Lakme" time="16.739"/>
</testsuite> <!-- Beauty.LauncingLakme_Test -->
