<?xml version="1.0" encoding="UTF-8"?>
<!-- Generated by org.testng.reporters.JUnitReportReporter -->
<testsuite hostname="NMP" failures="0" tests="1" name="Food.LaunchBurger_Test" time="13.008" errors="0" timestamp="2024-04-22T07:58:55 IST" skipped="0">
  <testcase classname="Food.LaunchBurger_Test" name="Buger" time="13.008"/>
</testsuite> <!-- Food.LaunchBurger_Test -->
