<?xml version="1.0" encoding="UTF-8"?>
<!-- Generated by org.testng.reporters.JUnitReportReporter -->
<testsuite hostname="NMP" failures="0" tests="1" name="Food.LaunchPizza_Test" time="34.718" errors="0" timestamp="2024-04-22T07:58:55 IST" skipped="0">
  <testcase classname="Food.LaunchPizza_Test" name="Pizza" time="34.718"/>
</testsuite> <!-- Food.LaunchPizza_Test -->
