<?xml version="1.0" encoding="UTF-8"?>
<!-- Generated by org.testng.reporters.JUnitReportReporter -->
<testsuite hostname="NMP" failures="0" tests="1" name="Beauty.LaunchPurpull_Test" time="18.595" errors="0" timestamp="2024-04-22T07:58:55 IST" skipped="0">
  <testcase classname="Beauty.LaunchPurpull_Test" name="Purplle" time="18.595"/>
</testsuite> <!-- Beauty.LaunchPurpull_Test -->
