<?xml version="1.0" encoding="UTF-8"?>
<!-- Generated by org.testng.reporters.JUnitReportReporter -->
<testsuite hostname="NMP" failures="0" tests="1" name="Beauty.LaunchLoreal_Test" time="12.755" errors="0" timestamp="2024-04-22T07:58:55 IST" skipped="0">
  <testcase classname="Beauty.LaunchLoreal_Test" name="Loreal" time="12.755"/>
</testsuite> <!-- Beauty.LaunchLoreal_Test -->
